Arguments: 
  /Users/v_zhonghuidong/.nvm/versions/node/v10.1.0/bin/node /Users/v_zhonghuidong/.nvm/versions/node/v10.1.0/bin/yarn prettier

PATH: 
  /Users/v_zhonghuidong/.nvm/versions/node/v10.1.0/bin:/usr/local/bin:/usr/bin:/bin:/usr/sbin:/sbin

Yarn version: 
  1.12.3

Node version: 
  10.1.0

Platform: 
  darwin x64

Trace: 
  SyntaxError: /Users/v_zhonghuidong/zhong_statuc/webpack-seed/package.json: Unexpected end of JSON input
      at JSON.parse (<anonymous>)
      at /Users/v_zhonghuidong/.nvm/versions/node/v10.1.0/lib/node_modules/yarn/lib/cli.js:1631:59
      at Generator.next (<anonymous>)
      at step (/Users/v_zhonghuidong/.nvm/versions/node/v10.1.0/lib/node_modules/yarn/lib/cli.js:304:30)
      at /Users/v_zhonghuidong/.nvm/versions/node/v10.1.0/lib/node_modules/yarn/lib/cli.js:315:13
      at run (/Users/v_zhonghuidong/.nvm/versions/node/v10.1.0/lib/node_modules/yarn/lib/cli.js:104078:22)
      at /Users/v_zhonghuidong/.nvm/versions/node/v10.1.0/lib/node_modules/yarn/lib/cli.js:104095:30
      at flush (/Users/v_zhonghuidong/.nvm/versions/node/v10.1.0/lib/node_modules/yarn/lib/cli.js:103579:9)
      at process._tickCallback (internal/process/next_tick.js:61:11)

npm manifest: 
  {
    "name": "webpack-seed",
    "version": "1.0.0",
    "description": "",
    "main": "index.js",
    "directories": {
      "doc": "docs"
    },
    "dependencies": {},
    "devDependencies": {
      "@commitlint/cli": "^7.6.1",
      "@commitlint/config-angular": "^7.6.0",
      "conventional-changelog": "^3.1.8",
      "conventional-changelog-cli": "^2.0.21",
      "husky": "^2.3.0",
      "lint-staged": "^8.1.7"
    },
    "scripts": {
      "test": "echo \"Error: no test specified\" && exit 1",
      "changelog": "conventional-changelog -p angular -i CHANGELOG.md -s -r 0 && git add CHANGELOG.md"
    },
    "keywords": [],
    "author": "",
    "license": "ISC",
    "lint-staged": {
      "src/**/*.{js,jsx}": [
          "prettier --tab-width 4 --write",
          "eslint --fix",
          "git add"
      ],
    "husky": {
      "hooks": {
        "commit-msg": "commitlint -E HUSKY_GIT_PARAMS",
        "pre-commit": "lint-staged"
      }
    }
  }

yarn manifest: 
  No manifest

Lockfile: 
  No lockfile
